<?xml version="1.0" encoding="UTF-8"?>
<testng-results retried="1" ignored="1" total="8" passed="6" failed="0" skipped="0">
  <reporter-output>
  </reporter-output>
  <suite started-at="2025-03-18T14:12:10 IST" name="Suite" finished-at="2025-03-18T14:13:29 IST" duration-ms="78548">
    <groups>
    </groups>
    <test started-at="2025-03-18T14:12:10 IST" name="ChromeTest" finished-at="2025-03-18T14:12:48 IST" duration-ms="38395">
      <class name="com.finalpa.Assessment">
        <test-method is-config="true" signature="browser_Launching(java.lang.String)[pri:0, instance:com.finalpa.Assessment@5965d37]" started-at="2025-03-18T14:12:10 IST" name="browser_Launching" finished-at="2025-03-18T14:12:12 IST" duration-ms="1939" status="PASS">
          <params>
            <param index="0">
              <value>
                <![CDATA[chrome]]>
              </value>
            </param>
          </params>
          <reporter-output>
          </reporter-output>
        </test-method> <!-- browser_Launching -->
        <test-method retried="true" signature="user_Click_The_Parfum_Category()[pri:1, instance:com.finalpa.Assessment@5965d37]" started-at="2025-03-18T14:12:12 IST" name="user_Click_The_Parfum_Category" finished-at="2025-03-18T14:12:17 IST" duration-ms="4930" status="SKIP">
          <exception class="java.lang.NullPointerException">
            <message>
              <![CDATA['ALL ERLAUBEN' button not found. check the selector.]]>
            </message>
            <full-stacktrace>
              <![CDATA[java.lang.NullPointerException: 'ALL ERLAUBEN' button not found. check the selector.
at com.finalpa.Assessment.user_Click_The_Parfum_Category(Assessment.java:63)
at java.base/jdk.internal.reflect.NativeMethodAccessorImpl.invoke0(Native Method)
at java.base/jdk.internal.reflect.NativeMethodAccessorImpl.invoke(NativeMethodAccessorImpl.java:62)
at java.base/jdk.internal.reflect.DelegatingMethodAccessorImpl.invoke(DelegatingMethodAccessorImpl.java:43)
at java.base/java.lang.reflect.Method.invoke(Method.java:566)
at org.testng.internal.invokers.MethodInvocationHelper.invokeMethod(MethodInvocationHelper.java:139)
at org.testng.internal.invokers.TestInvoker.invokeMethod(TestInvoker.java:664)
at org.testng.internal.invokers.TestInvoker.invokeTestMethod(TestInvoker.java:227)
at org.testng.internal.invokers.MethodRunner.runInSequence(MethodRunner.java:50)
at org.testng.internal.invokers.TestInvoker$MethodInvocationAgent.invoke(TestInvoker.java:957)
at org.testng.internal.invokers.TestInvoker.invokeTestMethods(TestInvoker.java:200)
at org.testng.internal.invokers.TestMethodWorker.invokeTestMethods(TestMethodWorker.java:148)
at org.testng.internal.invokers.TestMethodWorker.run(TestMethodWorker.java:128)
at java.base/java.util.ArrayList.forEach(ArrayList.java:1541)
at org.testng.TestRunner.privateRun(TestRunner.java:848)
at org.testng.TestRunner.run(TestRunner.java:621)
at org.testng.SuiteRunner.runTest(SuiteRunner.java:443)
at org.testng.SuiteRunner.runSequentially(SuiteRunner.java:437)
at org.testng.SuiteRunner.privateRun(SuiteRunner.java:397)
at org.testng.SuiteRunner.run(SuiteRunner.java:336)
at org.testng.SuiteRunnerWorker.runSuite(SuiteRunnerWorker.java:52)
at org.testng.SuiteRunnerWorker.run(SuiteRunnerWorker.java:95)
at org.testng.TestNG.runSuitesSequentially(TestNG.java:1280)
at org.testng.TestNG.runSuitesLocally(TestNG.java:1200)
at org.testng.TestNG.runSuites(TestNG.java:1114)
at org.testng.TestNG.run(TestNG.java:1082)
at org.testng.remote.AbstractRemoteTestNG.run(AbstractRemoteTestNG.java:115)
at org.testng.remote.RemoteTestNG.initAndRun(RemoteTestNG.java:251)
at org.testng.remote.RemoteTestNG.main(RemoteTestNG.java:77)
]]>
            </full-stacktrace>
          </exception> <!-- java.lang.NullPointerException -->
          <reporter-output>
          </reporter-output>
        </test-method> <!-- user_Click_The_Parfum_Category -->
        <test-method signature="user_Click_The_Parfum_Category()[pri:1, instance:com.finalpa.Assessment@5965d37]" started-at="2025-03-18T14:12:17 IST" name="user_Click_The_Parfum_Category" finished-at="2025-03-18T14:12:22 IST" duration-ms="4571" status="PASS">
          <reporter-output>
          </reporter-output>
        </test-method> <!-- user_Click_The_Parfum_Category -->
        <test-method signature="user_Clicks_The_All_Filter_Options()[pri:2, instance:com.finalpa.Assessment@5965d37]" started-at="2025-03-18T14:12:22 IST" name="user_Clicks_The_All_Filter_Options" finished-at="2025-03-18T14:12:48 IST" duration-ms="26749" status="PASS">
          <reporter-output>
          </reporter-output>
        </test-method> <!-- user_Clicks_The_All_Filter_Options -->
        <test-method signature="validate_The_Listed_Products()[pri:3, instance:com.finalpa.Assessment@5965d37]" started-at="2025-03-18T14:12:48 IST" name="validate_The_Listed_Products" finished-at="2025-03-18T14:12:48 IST" duration-ms="129" status="PASS">
          <reporter-output>
          </reporter-output>
        </test-method> <!-- validate_The_Listed_Products -->
      </class> <!-- com.finalpa.Assessment -->
    </test> <!-- ChromeTest -->
    <test started-at="2025-03-18T14:12:49 IST" name="EdgeTest" finished-at="2025-03-18T14:13:29 IST" duration-ms="40068">
      <class name="com.finalpa.Assessment">
        <test-method is-config="true" signature="browser_Launching(java.lang.String)[pri:0, instance:com.finalpa.Assessment@34bde49d]" started-at="2025-03-18T14:12:49 IST" name="browser_Launching" finished-at="2025-03-18T14:12:52 IST" duration-ms="3351" status="PASS">
          <params>
            <param index="0">
              <value>
                <![CDATA[edge]]>
              </value>
            </param>
          </params>
          <reporter-output>
          </reporter-output>
        </test-method> <!-- browser_Launching -->
        <test-method signature="user_Click_The_Parfum_Category()[pri:1, instance:com.finalpa.Assessment@34bde49d]" started-at="2025-03-18T14:12:52 IST" name="user_Click_The_Parfum_Category" finished-at="2025-03-18T14:13:00 IST" duration-ms="8249" status="PASS">
          <reporter-output>
          </reporter-output>
        </test-method> <!-- user_Click_The_Parfum_Category -->
        <test-method signature="user_Clicks_The_All_Filter_Options()[pri:2, instance:com.finalpa.Assessment@34bde49d]" started-at="2025-03-18T14:13:00 IST" name="user_Clicks_The_All_Filter_Options" finished-at="2025-03-18T14:13:29 IST" duration-ms="28395" status="PASS">
          <reporter-output>
          </reporter-output>
        </test-method> <!-- user_Clicks_The_All_Filter_Options -->
        <test-method signature="validate_The_Listed_Products()[pri:3, instance:com.finalpa.Assessment@34bde49d]" started-at="2025-03-18T14:13:29 IST" name="validate_The_Listed_Products" finished-at="2025-03-18T14:13:29 IST" duration-ms="73" status="PASS">
          <reporter-output>
          </reporter-output>
        </test-method> <!-- validate_The_Listed_Products -->
      </class> <!-- com.finalpa.Assessment -->
    </test> <!-- EdgeTest -->
  </suite> <!-- Suite -->
</testng-results>
