<?xml version="1.0" encoding="UTF-8"?>
<!-- Generated by org.testng.reporters.JUnitXMLReporter -->
<testsuite ignored="0" hostname="Dineshkumar" failures="0" tests="4" name="ChromeTest" time="38.395" errors="0" timestamp="2025-03-18T14:12:48 IST">
  <testcase classname="com.finalpa.Assessment" name="user_Click_The_Parfum_Category" time="4.93">
    <skipped/>
  </testcase> <!-- user_Click_The_Parfum_Category -->
  <testcase classname="com.finalpa.Assessment" name="user_Click_The_Parfum_Category" time="4.571"/>
  <testcase classname="com.finalpa.Assessment" name="user_Clicks_The_All_Filter_Options" time="26.749"/>
  <testcase classname="com.finalpa.Assessment" name="validate_The_Listed_Products" time="0.129"/>
</testsuite> <!-- ChromeTest -->
