<?xml version="1.0" encoding="UTF-8"?>
<!-- Generated by org.testng.reporters.JUnitXMLReporter -->
<testsuite ignored="0" hostname="Dineshkumar" failures="0" tests="3" name="EdgeTest" time="40.068" errors="0" timestamp="2025-03-18T14:13:29 IST">
  <testcase classname="com.finalpa.Assessment" name="user_Click_The_Parfum_Category" time="8.249"/>
  <testcase classname="com.finalpa.Assessment" name="user_Clicks_The_All_Filter_Options" time="28.395"/>
  <testcase classname="com.finalpa.Assessment" name="validate_The_Listed_Products" time="0.073"/>
</testsuite> <!-- EdgeTest -->
